MyTicket/app/build/intermediates/manifest_merge_blame_file/debug/manifest-merger-blame-debug-report.txt
1<?xml version="1.0" encoding="utf-8"?>
2<manifest xmlns:android="http://schemas.android.com/apk/res/android"
3    package="com.jos.mobileapp.myticket"
4    android:versionCode="1"
5    android:versionName="1.0" >
6
7    <uses-sdk
8        android:minSdkVersion="16"
8-->src\main\AndroidManifest.xml
9        android:targetSdkVersion="29" />
9-->src\main\AndroidManifest.xml
10
11    <!-- Although the *SdkVersion is captured in gradle build files, this is required for non gradle builds -->
12    <!-- <uses-sdk android:minSdkVersion="14"/> -->
13    <uses-permission android:name="android.permission.ACCESS_NETWORK_STATE" />
13-->[com.google.firebase:firebase-database:19.1.0] AndroidManifest.xml:25:5-79
13-->[com.google.firebase:firebase-database:19.1.0] AndroidManifest.xml:25:22-76
14    <uses-permission android:name="android.permission.INTERNET" />
14-->[com.google.firebase:firebase-database:19.1.0] AndroidManifest.xml:26:5-67
14-->[com.google.firebase:firebase-database:19.1.0] AndroidManifest.xml:26:22-64
15    <uses-permission android:name="android.permission.WAKE_LOCK" /> <!-- Required by older versions of Google Play services to create IID tokens -->
15-->[com.google.android.gms:play-services-measurement-api:17.2.0] AndroidManifest.xml:24:5-68
15-->[com.google.android.gms:play-services-measurement-api:17.2.0] AndroidManifest.xml:24:22-65
16    <uses-permission android:name="com.google.android.c2dm.permission.RECEIVE" />
16-->[com.google.firebase:firebase-iid:19.0.0] AndroidManifest.xml:26:5-82
16-->[com.google.firebase:firebase-iid:19.0.0] AndroidManifest.xml:26:22-79
17    <uses-permission android:name="com.google.android.finsky.permission.BIND_GET_INSTALL_REFERRER_SERVICE" />
17-->[com.google.android.gms:play-services-measurement:17.2.0] AndroidManifest.xml:26:5-110
17-->[com.google.android.gms:play-services-measurement:17.2.0] AndroidManifest.xml:26:22-107
18
19    <application
19-->src\main\AndroidManifest.xml:5:5-31:19
20        android:allowBackup="true"
20-->src\main\AndroidManifest.xml:6:9-35
21        android:appComponentFactory="androidx.core.app.CoreComponentFactory"
21-->[androidx.core:core:1.1.0] AndroidManifest.xml:24:18-86
22        android:debuggable="true"
23        android:icon="@mipmap/ic_launcher"
23-->src\main\AndroidManifest.xml:7:9-43
24        android:label="@string/app_name"
24-->src\main\AndroidManifest.xml:8:9-41
25        android:roundIcon="@mipmap/ic_launcher_round"
25-->src\main\AndroidManifest.xml:9:9-54
26        android:supportsRtl="true"
26-->src\main\AndroidManifest.xml:10:9-35
27        android:testOnly="true"
28        android:theme="@style/AppTheme" >
28-->src\main\AndroidManifest.xml:11:9-40
29        <activity android:name="com.jos.mobileapp.myticket.EditProfile" />
29-->src\main\AndroidManifest.xml:12:9-58
29-->src\main\AndroidManifest.xml:12:19-46
30        <activity android:name="com.jos.mobileapp.myticket.MyTicketDetail" />
30-->src\main\AndroidManifest.xml:13:9-52
30-->src\main\AndroidManifest.xml:13:19-49
31        <activity android:name="com.jos.mobileapp.myticket.MyProfile" />
31-->src\main\AndroidManifest.xml:14:9-47
31-->src\main\AndroidManifest.xml:14:19-44
32        <activity android:name="com.jos.mobileapp.myticket.SuccessBuyTicket" />
32-->src\main\AndroidManifest.xml:15:9-54
32-->src\main\AndroidManifest.xml:15:19-51
33        <activity android:name="com.jos.mobileapp.myticket.TicketCheckOut" />
33-->src\main\AndroidManifest.xml:16:9-52
33-->src\main\AndroidManifest.xml:16:19-49
34        <activity android:name="com.jos.mobileapp.myticket.TicketDetail" />
34-->src\main\AndroidManifest.xml:17:9-50
34-->src\main\AndroidManifest.xml:17:19-47
35        <activity android:name="com.jos.mobileapp.myticket.Home" />
35-->src\main\AndroidManifest.xml:18:9-42
35-->src\main\AndroidManifest.xml:18:19-39
36        <activity android:name="com.jos.mobileapp.myticket.SuccessRegister" />
36-->src\main\AndroidManifest.xml:19:9-53
36-->src\main\AndroidManifest.xml:19:19-50
37        <activity android:name="com.jos.mobileapp.myticket.RegisterTwo" />
37-->src\main\AndroidManifest.xml:20:9-49
37-->src\main\AndroidManifest.xml:20:19-46
38        <activity android:name="com.jos.mobileapp.myticket.RegisterOne" />
38-->src\main\AndroidManifest.xml:21:9-49
38-->src\main\AndroidManifest.xml:21:19-46
39        <activity android:name="com.jos.mobileapp.myticket.SignIn" />
39-->src\main\AndroidManifest.xml:22:9-44
39-->src\main\AndroidManifest.xml:22:19-41
40        <activity android:name="com.jos.mobileapp.myticket.GetStarted" />
40-->src\main\AndroidManifest.xml:23:9-48
40-->src\main\AndroidManifest.xml:23:19-45
41        <activity android:name="com.jos.mobileapp.myticket.SplashScreen" >
41-->src\main\AndroidManifest.xml:24:9-30:20
41-->src\main\AndroidManifest.xml:24:19-47
42            <intent-filter>
42-->src\main\AndroidManifest.xml:25:13-29:29
43                <action android:name="android.intent.action.MAIN" />
43-->src\main\AndroidManifest.xml:26:17-69
43-->src\main\AndroidManifest.xml:26:25-66
44
45                <category android:name="android.intent.category.LAUNCHER" />
45-->src\main\AndroidManifest.xml:28:17-77
45-->src\main\AndroidManifest.xml:28:27-74
46            </intent-filter>
47        </activity>
48
49        <service
49-->[com.google.firebase:firebase-database:19.1.0] AndroidManifest.xml:29:9-35:19
50            android:name="com.google.firebase.components.ComponentDiscoveryService"
50-->[com.google.firebase:firebase-database:19.1.0] AndroidManifest.xml:30:13-84
51            android:directBootAware="true"
51-->[com.google.firebase:firebase-common:19.1.0] AndroidManifest.xml:14:13-43
52            android:exported="false" >
52-->[com.google.firebase:firebase-database:19.1.0] AndroidManifest.xml:31:13-37
53            <meta-data
53-->[com.google.firebase:firebase-database:19.1.0] AndroidManifest.xml:32:13-34:85
54                android:name="com.google.firebase.components:com.google.firebase.database.DatabaseRegistrar"
54-->[com.google.firebase:firebase-database:19.1.0] AndroidManifest.xml:33:17-109
55                android:value="com.google.firebase.components.ComponentRegistrar" />
55-->[com.google.firebase:firebase-database:19.1.0] AndroidManifest.xml:34:17-82
56            <meta-data
56-->[com.google.firebase:firebase-storage:18.0.0] AndroidManifest.xml:31:13-33:85
57                android:name="com.google.firebase.components:com.google.firebase.storage.StorageRegistrar"
57-->[com.google.firebase:firebase-storage:18.0.0] AndroidManifest.xml:32:17-107
58                android:value="com.google.firebase.components.ComponentRegistrar" />
58-->[com.google.firebase:firebase-storage:18.0.0] AndroidManifest.xml:33:17-82
59            <meta-data
59-->[com.google.android.gms:play-services-measurement-api:17.2.0] AndroidManifest.xml:30:13-32:85
60                android:name="com.google.firebase.components:com.google.firebase.analytics.connector.internal.AnalyticsConnectorRegistrar"
60-->[com.google.android.gms:play-services-measurement-api:17.2.0] AndroidManifest.xml:31:17-139
61                android:value="com.google.firebase.components.ComponentRegistrar" />
61-->[com.google.android.gms:play-services-measurement-api:17.2.0] AndroidManifest.xml:32:17-82
62            <meta-data
62-->[com.google.firebase:firebase-iid:19.0.0] AndroidManifest.xml:32:13-34:85
63                android:name="com.google.firebase.components:com.google.firebase.iid.Registrar"
63-->[com.google.firebase:firebase-iid:19.0.0] AndroidManifest.xml:33:17-96
64                android:value="com.google.firebase.components.ComponentRegistrar" />
64-->[com.google.firebase:firebase-iid:19.0.0] AndroidManifest.xml:34:17-82
65        </service>
66
67        <receiver
67-->[com.google.firebase:firebase-iid:19.0.0] AndroidManifest.xml:37:9-44:20
68            android:name="com.google.firebase.iid.FirebaseInstanceIdReceiver"
68-->[com.google.firebase:firebase-iid:19.0.0] AndroidManifest.xml:38:13-78
69            android:exported="true"
69-->[com.google.firebase:firebase-iid:19.0.0] AndroidManifest.xml:39:13-36
70            android:permission="com.google.android.c2dm.permission.SEND" >
70-->[com.google.firebase:firebase-iid:19.0.0] AndroidManifest.xml:40:13-73
71            <intent-filter>
71-->[com.google.firebase:firebase-iid:19.0.0] AndroidManifest.xml:41:13-43:29
72                <action android:name="com.google.android.c2dm.intent.RECEIVE" />
72-->[com.google.firebase:firebase-iid:19.0.0] AndroidManifest.xml:42:17-81
72-->[com.google.firebase:firebase-iid:19.0.0] AndroidManifest.xml:42:25-78
73            </intent-filter>
74        </receiver>
75
76        <activity
76-->[com.google.android.gms:play-services-base:17.0.0] AndroidManifest.xml:23:9-26:75
77            android:name="com.google.android.gms.common.api.GoogleApiActivity"
77-->[com.google.android.gms:play-services-base:17.0.0] AndroidManifest.xml:24:13-79
78            android:exported="false"
78-->[com.google.android.gms:play-services-base:17.0.0] AndroidManifest.xml:25:13-37
79            android:theme="@android:style/Theme.Translucent.NoTitleBar" />
79-->[com.google.android.gms:play-services-base:17.0.0] AndroidManifest.xml:26:13-72
80
81        <provider
81-->[com.google.firebase:firebase-common:19.1.0] AndroidManifest.xml:17:9-21:39
82            android:name="com.google.firebase.provider.FirebaseInitProvider"
82-->[com.google.firebase:firebase-common:19.1.0] AndroidManifest.xml:18:13-77
83            android:authorities="com.jos.mobileapp.myticket.firebaseinitprovider"
83-->[com.google.firebase:firebase-common:19.1.0] AndroidManifest.xml:19:13-72
84            android:exported="false"
84-->[com.google.firebase:firebase-common:19.1.0] AndroidManifest.xml:20:13-37
85            android:initOrder="100" />
85-->[com.google.firebase:firebase-common:19.1.0] AndroidManifest.xml:21:13-36
86
87        <receiver
87-->[com.google.android.gms:play-services-measurement:17.2.0] AndroidManifest.xml:29:9-33:20
88            android:name="com.google.android.gms.measurement.AppMeasurementReceiver"
88-->[com.google.android.gms:play-services-measurement:17.2.0] AndroidManifest.xml:30:13-85
89            android:enabled="true"
89-->[com.google.android.gms:play-services-measurement:17.2.0] AndroidManifest.xml:31:13-35
90            android:exported="false" >
90-->[com.google.android.gms:play-services-measurement:17.2.0] AndroidManifest.xml:32:13-37
91        </receiver>
92        <receiver
92-->[com.google.android.gms:play-services-measurement:17.2.0] AndroidManifest.xml:34:9-42:20
93            android:name="com.google.android.gms.measurement.AppMeasurementInstallReferrerReceiver"
93-->[com.google.android.gms:play-services-measurement:17.2.0] AndroidManifest.xml:35:13-100
94            android:enabled="true"
94-->[com.google.android.gms:play-services-measurement:17.2.0] AndroidManifest.xml:36:13-35
95            android:exported="true"
95-->[com.google.android.gms:play-services-measurement:17.2.0] AndroidManifest.xml:37:13-36
96            android:permission="android.permission.INSTALL_PACKAGES" >
96-->[com.google.android.gms:play-services-measurement:17.2.0] AndroidManifest.xml:38:13-69
97            <intent-filter>
97-->[com.google.android.gms:play-services-measurement:17.2.0] AndroidManifest.xml:39:13-41:29
98                <action android:name="com.android.vending.INSTALL_REFERRER" />
98-->[com.google.android.gms:play-services-measurement:17.2.0] AndroidManifest.xml:40:17-79
98-->[com.google.android.gms:play-services-measurement:17.2.0] AndroidManifest.xml:40:25-76
99            </intent-filter>
100        </receiver>
101
102        <service
102-->[com.google.android.gms:play-services-measurement:17.2.0] AndroidManifest.xml:44:9-47:40
103            android:name="com.google.android.gms.measurement.AppMeasurementService"
103-->[com.google.android.gms:play-services-measurement:17.2.0] AndroidManifest.xml:45:13-84
104            android:enabled="true"
104-->[com.google.android.gms:play-services-measurement:17.2.0] AndroidManifest.xml:46:13-35
105            android:exported="false" />
105-->[com.google.android.gms:play-services-measurement:17.2.0] AndroidManifest.xml:47:13-37
106        <service
106-->[com.google.android.gms:play-services-measurement:17.2.0] AndroidManifest.xml:48:9-52:72
107            android:name="com.google.android.gms.measurement.AppMeasurementJobService"
107-->[com.google.android.gms:play-services-measurement:17.2.0] AndroidManifest.xml:49:13-87
108            android:enabled="true"
108-->[com.google.android.gms:play-services-measurement:17.2.0] AndroidManifest.xml:50:13-35
109            android:exported="false"
109-->[com.google.android.gms:play-services-measurement:17.2.0] AndroidManifest.xml:51:13-37
110            android:permission="android.permission.BIND_JOB_SERVICE" />
110-->[com.google.android.gms:play-services-measurement:17.2.0] AndroidManifest.xml:52:13-69
111
112        <meta-data
112-->[com.google.android.gms:play-services-basement:17.0.0] AndroidManifest.xml:23:9-25:69
113            android:name="com.google.android.gms.version"
113-->[com.google.android.gms:play-services-basement:17.0.0] AndroidManifest.xml:24:13-58
114            android:value="@integer/google_play_services_version" />
114-->[com.google.android.gms:play-services-basement:17.0.0] AndroidManifest.xml:25:13-66
115    </application>
116
117</manifest>